app/build/intermediates/manifest_merge_blame_file/debug/manifest-merger-blame-debug-report.txt
1<?xml version="1.0" encoding="utf-8"?>
2<manifest xmlns:android="http://schemas.android.com/apk/res/android"
3    package="com.example.yedi_tilsim__"
4    android:versionCode="1"
5    android:versionName="1.0" >
6
7    <uses-sdk
8        android:minSdkVersion="28"
8-->src/main/AndroidManifest.xml
9        android:targetSdkVersion="33" />
9-->src/main/AndroidManifest.xml
10
11    <uses-permission android:name="android.permission.INTERNET" />
11-->src/main/AndroidManifest.xml:5:5-7:40
11-->src/main/AndroidManifest.xml:6:9-51
12
13    <permission
13-->[androidx.core:core:1.9.0] AndroidManifest.xml:22:5-24:47
14        android:name="com.example.yedi_tilsim__.DYNAMIC_RECEIVER_NOT_EXPORTED_PERMISSION"
14-->[androidx.core:core:1.9.0] AndroidManifest.xml:23:9-81
15        android:protectionLevel="signature" />
15-->[androidx.core:core:1.9.0] AndroidManifest.xml:24:9-44
16
17    <uses-permission android:name="com.example.yedi_tilsim__.DYNAMIC_RECEIVER_NOT_EXPORTED_PERMISSION" />
17-->[androidx.core:core:1.9.0] AndroidManifest.xml:26:5-97
17-->[androidx.core:core:1.9.0] AndroidManifest.xml:26:22-94
18
19    <application
19-->src/main/AndroidManifest.xml:9:5-76:19
20        android:allowBackup="true"
20-->src/main/AndroidManifest.xml:10:9-35
21        android:appComponentFactory="androidx.core.app.CoreComponentFactory"
21-->[androidx.core:core:1.9.0] AndroidManifest.xml:28:18-86
22        android:dataExtractionRules="@xml/data_extraction_rules"
22-->src/main/AndroidManifest.xml:11:9-65
23        android:debuggable="true"
24        android:extractNativeLibs="false"
25        android:fullBackupContent="@xml/backup_rules"
25-->src/main/AndroidManifest.xml:12:9-54
26        android:icon="@mipmap/ic_launcher"
26-->src/main/AndroidManifest.xml:13:9-43
27        android:label="@string/app_name"
27-->src/main/AndroidManifest.xml:14:9-41
28        android:roundIcon="@mipmap/ic_launcher_round"
28-->src/main/AndroidManifest.xml:15:9-54
29        android:supportsRtl="true"
29-->src/main/AndroidManifest.xml:16:9-35
30        android:testOnly="true"
31        android:theme="@style/Theme.Yedi_tilsim__"
31-->src/main/AndroidManifest.xml:17:9-51
32        android:usesCleartextTraffic="true" >
32-->src/main/AndroidManifest.xml:18:9-44
33
34        <!-- <activity -->
35        <!-- android:name=".volley.volley_main" -->
36        <!-- android:exported="false" />` -->
37        <!-- <activity -->
38        <!-- android:name=".geeks_json.geeks_json" -->
39        <!-- android:exported="false" /> -->
40        <!-- <activity -->
41        <!-- android:name=".simpleJson.simple_json" -->
42        <!-- android:exported="false" /> -->
43        <!-- <activity -->
44        <!-- android:name=".demonuts.demonuts_main" -->
45        <!-- android:exported="false" /> -->
46        <!-- <activity -->
47        <!-- android:name=".GPT_json.main_page" -->
48        <!-- android:exported="false" /> -->
49        <!-- <activity -->
50        <!-- android:name=".chatActivity" -->
51        <!-- android:exported="false"> -->
52        <!-- <meta-data -->
53        <!-- android:name="android.app.lib_name" -->
54        <!-- android:value="" /> -->
55        <!-- </activity> -->
56        <!-- <activity -->
57        <!-- android:name=".BarlagActivity" -->
58        <!-- android:exported="false"> -->
59        <!-- <meta-data -->
60        <!-- android:name="android.app.lib_name" -->
61        <!-- android:value="" /> -->
62        <!-- </activity> -->
63        <!-- <activity -->
64        <!-- android:name=".DidarRetro" -->
65        <!-- android:exported="false"> -->
66        <!-- <meta-data -->
67        <!-- android:name="android.app.lib_name" -->
68        <!-- android:value="" /> -->
69        <!-- </activity> -->
70        <!-- <activity -->
71        <!-- android:name=".barlag.MainBarlag" -->
72        <!-- android:exported="false"> -->
73        <!-- <meta-data -->
74        <!-- android:name="android.app.lib_name" -->
75        <!-- android:value="" /> -->
76        <!-- </activity> -->
77        <activity
77-->src/main/AndroidManifest.xml:63:9-75:20
78            android:name="com.example.yedi_tilsim__.demonuts.demonuts_main"
78-->src/main/AndroidManifest.xml:64:13-51
79            android:exported="true" >
79-->src/main/AndroidManifest.xml:65:13-36
80            <intent-filter>
80-->src/main/AndroidManifest.xml:66:13-70:29
81                <action android:name="android.intent.action.MAIN" />
81-->src/main/AndroidManifest.xml:67:17-69
81-->src/main/AndroidManifest.xml:67:25-66
82
83                <category android:name="android.intent.category.LAUNCHER" />
83-->src/main/AndroidManifest.xml:69:17-77
83-->src/main/AndroidManifest.xml:69:27-74
84            </intent-filter>
85
86            <meta-data
86-->src/main/AndroidManifest.xml:72:13-74:36
87                android:name="android.app.lib_name"
87-->src/main/AndroidManifest.xml:73:17-52
88                android:value="" />
88-->src/main/AndroidManifest.xml:74:17-33
89        </activity>
90
91        <provider
91-->[com.squareup.picasso:picasso:2.71828] AndroidManifest.xml:8:9-11:40
92            android:name="com.squareup.picasso.PicassoProvider"
92-->[com.squareup.picasso:picasso:2.71828] AndroidManifest.xml:9:13-64
93            android:authorities="com.example.yedi_tilsim__.com.squareup.picasso"
93-->[com.squareup.picasso:picasso:2.71828] AndroidManifest.xml:10:13-72
94            android:exported="false" />
94-->[com.squareup.picasso:picasso:2.71828] AndroidManifest.xml:11:13-37
95        <provider
95-->[androidx.emoji2:emoji2:1.2.0] AndroidManifest.xml:24:9-32:20
96            android:name="androidx.startup.InitializationProvider"
96-->[androidx.emoji2:emoji2:1.2.0] AndroidManifest.xml:25:13-67
97            android:authorities="com.example.yedi_tilsim__.androidx-startup"
97-->[androidx.emoji2:emoji2:1.2.0] AndroidManifest.xml:26:13-68
98            android:exported="false" >
98-->[androidx.emoji2:emoji2:1.2.0] AndroidManifest.xml:27:13-37
99            <meta-data
99-->[androidx.emoji2:emoji2:1.2.0] AndroidManifest.xml:29:13-31:52
100                android:name="androidx.emoji2.text.EmojiCompatInitializer"
100-->[androidx.emoji2:emoji2:1.2.0] AndroidManifest.xml:30:17-75
101                android:value="androidx.startup" />
101-->[androidx.emoji2:emoji2:1.2.0] AndroidManifest.xml:31:17-49
102            <meta-data
102-->[androidx.lifecycle:lifecycle-process:2.4.1] AndroidManifest.xml:31:13-33:52
103                android:name="androidx.lifecycle.ProcessLifecycleInitializer"
103-->[androidx.lifecycle:lifecycle-process:2.4.1] AndroidManifest.xml:32:17-78
104                android:value="androidx.startup" />
104-->[androidx.lifecycle:lifecycle-process:2.4.1] AndroidManifest.xml:33:17-49
105        </provider>
106    </application>
107
108</manifest>